[2022-02-01 16:33:16] local.ERROR: SQLSTATE[HY000] [1045] Access denied for user 'root'@'localhost' (using password: YES) (SQL: select * from information_schema.tables where table_schema = laravelblog and table_name = migrations and table_type = 'BASE TABLE') {"exception":"[object] (Illuminate\\Database\\QueryException(code: 1045): SQLSTATE[HY000] [1045] Access denied for user 'root'@'localhost' (using password: YES) (SQL: select * from information_schema.tables where table_schema = laravelblog and table_name = migrations and table_type = 'BASE TABLE') at E:\\Programs\\OpenServer\\domains\\laravel-8-complete-blog-main\\vendor\\laravel\\framework\\src\\Illuminate\\Database\\Connection.php:678)
[stacktrace]
#0 E:\\Programs\\OpenServer\\domains\\laravel-8-complete-blog-main\\vendor\\laravel\\framework\\src\\Illuminate\\Database\\Connection.php(638): Illuminate\\Database\\Connection->runQueryCallback()
#1 E:\\Programs\\OpenServer\\domains\\laravel-8-complete-blog-main\\vendor\\laravel\\framework\\src\\Illuminate\\Database\\Connection.php(346): Illuminate\\Database\\Connection->run()
#2 E:\\Programs\\OpenServer\\domains\\laravel-8-complete-blog-main\\vendor\\laravel\\framework\\src\\Illuminate\\Database\\Schema\\MySqlBuilder.php(44): Illuminate\\Database\\Connection->select()
#3 E:\\Programs\\OpenServer\\domains\\laravel-8-complete-blog-main\\vendor\\laravel\\framework\\src\\Illuminate\\Database\\Migrations\\DatabaseMigrationRepository.php(169): Illuminate\\Database\\Schema\\MySqlBuilder->hasTable()
#4 E:\\Programs\\OpenServer\\domains\\laravel-8-complete-blog-main\\vendor\\laravel\\framework\\src\\Illuminate\\Database\\Migrations\\Migrator.php(608): Illuminate\\Database\\Migrations\\DatabaseMigrationRepository->repositoryExists()
#5 E:\\Programs\\OpenServer\\domains\\laravel-8-complete-blog-main\\vendor\\laravel\\framework\\src\\Illuminate\\Database\\Console\\Migrations\\MigrateCommand.php(106): Illuminate\\Database\\Migrations\\Migrator->repositoryExists()
#6 E:\\Programs\\OpenServer\\domains\\laravel-8-complete-blog-main\\vendor\\laravel\\framework\\src\\Illuminate\\Database\\Console\\Migrations\\MigrateCommand.php(77): Illuminate\\Database\\Console\\Migrations\\MigrateCommand->prepareDatabase()
#7 E:\\Programs\\OpenServer\\domains\\laravel-8-complete-blog-main\\vendor\\laravel\\framework\\src\\Illuminate\\Database\\Migrations\\Migrator.php(541): Illuminate\\Database\\Console\\Migrations\\MigrateCommand->Illuminate\\Database\\Console\\Migrations\\{closure}()
#8 E:\\Programs\\OpenServer\\domains\\laravel-8-complete-blog-main\\vendor\\laravel\\framework\\src\\Illuminate\\Database\\Console\\Migrations\\MigrateCommand.php(94): Illuminate\\Database\\Migrations\\Migrator->usingConnection()
#9 E:\\Programs\\OpenServer\\domains\\laravel-8-complete-blog-main\\vendor\\laravel\\framework\\src\\Illuminate\\Container\\BoundMethod.php(36): Illuminate\\Database\\Console\\Migrations\\MigrateCommand->handle()
#10 E:\\Programs\\OpenServer\\domains\\laravel-8-complete-blog-main\\vendor\\laravel\\framework\\src\\Illuminate\\Container\\Util.php(40): Illuminate\\Container\\BoundMethod::Illuminate\\Container\\{closure}()
#11 E:\\Programs\\OpenServer\\domains\\laravel-8-complete-blog-main\\vendor\\laravel\\framework\\src\\Illuminate\\Container\\BoundMethod.php(93): Illuminate\\Container\\Util::unwrapIfClosure()
#12 E:\\Programs\\OpenServer\\domains\\laravel-8-complete-blog-main\\vendor\\laravel\\framework\\src\\Illuminate\\Container\\BoundMethod.php(37): Illuminate\\Container\\BoundMethod::callBoundMethod()
#13 E:\\Programs\\OpenServer\\domains\\laravel-8-complete-blog-main\\vendor\\laravel\\framework\\src\\Illuminate\\Container\\Container.php(610): Illuminate\\Container\\BoundMethod::call()
#14 E:\\Programs\\OpenServer\\domains\\laravel-8-complete-blog-main\\vendor\\laravel\\framework\\src\\Illuminate\\Console\\Command.php(136): Illuminate\\Container\\Container->call()
#15 E:\\Programs\\OpenServer\\domains\\laravel-8-complete-blog-main\\vendor\\symfony\\console\\Command\\Command.php(256): Illuminate\\Console\\Command->execute()
#16 E:\\Programs\\OpenServer\\domains\\laravel-8-complete-blog-main\\vendor\\laravel\\framework\\src\\Illuminate\\Console\\Command.php(121): Symfony\\Component\\Console\\Command\\Command->run()
#17 E:\\Programs\\OpenServer\\domains\\laravel-8-complete-blog-main\\vendor\\symfony\\console\\Application.php(971): Illuminate\\Console\\Command->run()
#18 E:\\Programs\\OpenServer\\domains\\laravel-8-complete-blog-main\\vendor\\symfony\\console\\Application.php(290): Symfony\\Component\\Console\\Application->doRunCommand()
#19 E:\\Programs\\OpenServer\\domains\\laravel-8-complete-blog-main\\vendor\\symfony\\console\\Application.php(166): Symfony\\Component\\Console\\Application->doRun()
#20 E:\\Programs\\OpenServer\\domains\\laravel-8-complete-blog-main\\vendor\\laravel\\framework\\src\\Illuminate\\Console\\Application.php(93): Symfony\\Component\\Console\\Application->run()
#21 E:\\Programs\\OpenServer\\domains\\laravel-8-complete-blog-main\\vendor\\laravel\\framework\\src\\Illuminate\\Foundation\\Console\\Kernel.php(129): Illuminate\\Console\\Application->run()
#22 E:\\Programs\\OpenServer\\domains\\laravel-8-complete-blog-main\\artisan(37): Illuminate\\Foundation\\Console\\Kernel->handle()
#23 {main}

[previous exception] [object] (PDOException(code: 1045): SQLSTATE[HY000] [1045] Access denied for user 'root'@'localhost' (using password: YES) at E:\\Programs\\OpenServer\\domains\\laravel-8-complete-blog-main\\vendor\\laravel\\framework\\src\\Illuminate\\Database\\Connectors\\Connector.php:70)
[stacktrace]
#0 E:\\Programs\\OpenServer\\domains\\laravel-8-complete-blog-main\\vendor\\laravel\\framework\\src\\Illuminate\\Database\\Connectors\\Connector.php(70): PDO->__construct()
#1 E:\\Programs\\OpenServer\\domains\\laravel-8-complete-blog-main\\vendor\\laravel\\framework\\src\\Illuminate\\Database\\Connectors\\Connector.php(46): Illuminate\\Database\\Connectors\\Connector->createPdoConnection()
#2 E:\\Programs\\OpenServer\\domains\\laravel-8-complete-blog-main\\vendor\\laravel\\framework\\src\\Illuminate\\Database\\Connectors\\MySqlConnector.php(24): Illuminate\\Database\\Connectors\\Connector->createConnection()
#3 E:\\Programs\\OpenServer\\domains\\laravel-8-complete-blog-main\\vendor\\laravel\\framework\\src\\Illuminate\\Database\\Connectors\\ConnectionFactory.php(184): Illuminate\\Database\\Connectors\\MySqlConnector->connect()
#4 [internal function]: Illuminate\\Database\\Connectors\\ConnectionFactory->Illuminate\\Database\\Connectors\\{closure}()
#5 E:\\Programs\\OpenServer\\domains\\laravel-8-complete-blog-main\\vendor\\laravel\\framework\\src\\Illuminate\\Database\\Connection.php(939): call_user_func()
#6 E:\\Programs\\OpenServer\\domains\\laravel-8-complete-blog-main\\vendor\\laravel\\framework\\src\\Illuminate\\Database\\Connection.php(974): Illuminate\\Database\\Connection->getPdo()
#7 E:\\Programs\\OpenServer\\domains\\laravel-8-complete-blog-main\\vendor\\laravel\\framework\\src\\Illuminate\\Database\\Connection.php(412): Illuminate\\Database\\Connection->getReadPdo()
#8 E:\\Programs\\OpenServer\\domains\\laravel-8-complete-blog-main\\vendor\\laravel\\framework\\src\\Illuminate\\Database\\Connection.php(338): Illuminate\\Database\\Connection->getPdoForSelect()
#9 E:\\Programs\\OpenServer\\domains\\laravel-8-complete-blog-main\\vendor\\laravel\\framework\\src\\Illuminate\\Database\\Connection.php(671): Illuminate\\Database\\Connection->Illuminate\\Database\\{closure}()
#10 E:\\Programs\\OpenServer\\domains\\laravel-8-complete-blog-main\\vendor\\laravel\\framework\\src\\Illuminate\\Database\\Connection.php(638): Illuminate\\Database\\Connection->runQueryCallback()
#11 E:\\Programs\\OpenServer\\domains\\laravel-8-complete-blog-main\\vendor\\laravel\\framework\\src\\Illuminate\\Database\\Connection.php(346): Illuminate\\Database\\Connection->run()
#12 E:\\Programs\\OpenServer\\domains\\laravel-8-complete-blog-main\\vendor\\laravel\\framework\\src\\Illuminate\\Database\\Schema\\MySqlBuilder.php(44): Illuminate\\Database\\Connection->select()
#13 E:\\Programs\\OpenServer\\domains\\laravel-8-complete-blog-main\\vendor\\laravel\\framework\\src\\Illuminate\\Database\\Migrations\\DatabaseMigrationRepository.php(169): Illuminate\\Database\\Schema\\MySqlBuilder->hasTable()
#14 E:\\Programs\\OpenServer\\domains\\laravel-8-complete-blog-main\\vendor\\laravel\\framework\\src\\Illuminate\\Database\\Migrations\\Migrator.php(608): Illuminate\\Database\\Migrations\\DatabaseMigrationRepository->repositoryExists()
#15 E:\\Programs\\OpenServer\\domains\\laravel-8-complete-blog-main\\vendor\\laravel\\framework\\src\\Illuminate\\Database\\Console\\Migrations\\MigrateCommand.php(106): Illuminate\\Database\\Migrations\\Migrator->repositoryExists()
#16 E:\\Programs\\OpenServer\\domains\\laravel-8-complete-blog-main\\vendor\\laravel\\framework\\src\\Illuminate\\Database\\Console\\Migrations\\MigrateCommand.php(77): Illuminate\\Database\\Console\\Migrations\\MigrateCommand->prepareDatabase()
#17 E:\\Programs\\OpenServer\\domains\\laravel-8-complete-blog-main\\vendor\\laravel\\framework\\src\\Illuminate\\Database\\Migrations\\Migrator.php(541): Illuminate\\Database\\Console\\Migrations\\MigrateCommand->Illuminate\\Database\\Console\\Migrations\\{closure}()
#18 E:\\Programs\\OpenServer\\domains\\laravel-8-complete-blog-main\\vendor\\laravel\\framework\\src\\Illuminate\\Database\\Console\\Migrations\\MigrateCommand.php(94): Illuminate\\Database\\Migrations\\Migrator->usingConnection()
#19 E:\\Programs\\OpenServer\\domains\\laravel-8-complete-blog-main\\vendor\\laravel\\framework\\src\\Illuminate\\Container\\BoundMethod.php(36): Illuminate\\Database\\Console\\Migrations\\MigrateCommand->handle()
#20 E:\\Programs\\OpenServer\\domains\\laravel-8-complete-blog-main\\vendor\\laravel\\framework\\src\\Illuminate\\Container\\Util.php(40): Illuminate\\Container\\BoundMethod::Illuminate\\Container\\{closure}()
#21 E:\\Programs\\OpenServer\\domains\\laravel-8-complete-blog-main\\vendor\\laravel\\framework\\src\\Illuminate\\Container\\BoundMethod.php(93): Illuminate\\Container\\Util::unwrapIfClosure()
#22 E:\\Programs\\OpenServer\\domains\\laravel-8-complete-blog-main\\vendor\\laravel\\framework\\src\\Illuminate\\Container\\BoundMethod.php(37): Illuminate\\Container\\BoundMethod::callBoundMethod()
#23 E:\\Programs\\OpenServer\\domains\\laravel-8-complete-blog-main\\vendor\\laravel\\framework\\src\\Illuminate\\Container\\Container.php(610): Illuminate\\Container\\BoundMethod::call()
#24 E:\\Programs\\OpenServer\\domains\\laravel-8-complete-blog-main\\vendor\\laravel\\framework\\src\\Illuminate\\Console\\Command.php(136): Illuminate\\Container\\Container->call()
#25 E:\\Programs\\OpenServer\\domains\\laravel-8-complete-blog-main\\vendor\\symfony\\console\\Command\\Command.php(256): Illuminate\\Console\\Command->execute()
#26 E:\\Programs\\OpenServer\\domains\\laravel-8-complete-blog-main\\vendor\\laravel\\framework\\src\\Illuminate\\Console\\Command.php(121): Symfony\\Component\\Console\\Command\\Command->run()
#27 E:\\Programs\\OpenServer\\domains\\laravel-8-complete-blog-main\\vendor\\symfony\\console\\Application.php(971): Illuminate\\Console\\Command->run()
#28 E:\\Programs\\OpenServer\\domains\\laravel-8-complete-blog-main\\vendor\\symfony\\console\\Application.php(290): Symfony\\Component\\Console\\Application->doRunCommand()
#29 E:\\Programs\\OpenServer\\domains\\laravel-8-complete-blog-main\\vendor\\symfony\\console\\Application.php(166): Symfony\\Component\\Console\\Application->doRun()
#30 E:\\Programs\\OpenServer\\domains\\laravel-8-complete-blog-main\\vendor\\laravel\\framework\\src\\Illuminate\\Console\\Application.php(93): Symfony\\Component\\Console\\Application->run()
#31 E:\\Programs\\OpenServer\\domains\\laravel-8-complete-blog-main\\vendor\\laravel\\framework\\src\\Illuminate\\Foundation\\Console\\Kernel.php(129): Illuminate\\Console\\Application->run()
#32 E:\\Programs\\OpenServer\\domains\\laravel-8-complete-blog-main\\artisan(37): Illuminate\\Foundation\\Console\\Kernel->handle()
#33 {main}
"} 
[2022-02-03 15:36:19] local.ERROR: View [home] not found. {"userId":1,"exception":"[object] (InvalidArgumentException(code: 0): View [home] not found. at E:\\Programs\\OpenServer\\domains\\laravel-8-complete-blog-main\\vendor\\laravel\\framework\\src\\Illuminate\\View\\FileViewFinder.php:137)
[stacktrace]
#0 E:\\Programs\\OpenServer\\domains\\laravel-8-complete-blog-main\\vendor\\laravel\\framework\\src\\Illuminate\\View\\FileViewFinder.php(79): Illuminate\\View\\FileViewFinder->findInPaths()
#1 E:\\Programs\\OpenServer\\domains\\laravel-8-complete-blog-main\\vendor\\laravel\\framework\\src\\Illuminate\\View\\Factory.php(138): Illuminate\\View\\FileViewFinder->find()
#2 E:\\Programs\\OpenServer\\domains\\laravel-8-complete-blog-main\\vendor\\laravel\\framework\\src\\Illuminate\\Foundation\\helpers.php(901): Illuminate\\View\\Factory->make()
#3 E:\\Programs\\OpenServer\\domains\\laravel-8-complete-blog-main\\app\\Http\\Controllers\\HomeController.php(26): view()
#4 E:\\Programs\\OpenServer\\domains\\laravel-8-complete-blog-main\\vendor\\laravel\\framework\\src\\Illuminate\\Routing\\Controller.php(54): App\\Http\\Controllers\\HomeController->index()
#5 E:\\Programs\\OpenServer\\domains\\laravel-8-complete-blog-main\\vendor\\laravel\\framework\\src\\Illuminate\\Routing\\ControllerDispatcher.php(45): Illuminate\\Routing\\Controller->callAction()
#6 E:\\Programs\\OpenServer\\domains\\laravel-8-complete-blog-main\\vendor\\laravel\\framework\\src\\Illuminate\\Routing\\Route.php(254): Illuminate\\Routing\\ControllerDispatcher->dispatch()
#7 E:\\Programs\\OpenServer\\domains\\laravel-8-complete-blog-main\\vendor\\laravel\\framework\\src\\Illuminate\\Routing\\Route.php(197): Illuminate\\Routing\\Route->runController()
#8 E:\\Programs\\OpenServer\\domains\\laravel-8-complete-blog-main\\vendor\\laravel\\framework\\src\\Illuminate\\Routing\\Router.php(693): Illuminate\\Routing\\Route->run()
#9 E:\\Programs\\OpenServer\\domains\\laravel-8-complete-blog-main\\vendor\\laravel\\framework\\src\\Illuminate\\Pipeline\\Pipeline.php(128): Illuminate\\Routing\\Router->Illuminate\\Routing\\{closure}()
#10 E:\\Programs\\OpenServer\\domains\\laravel-8-complete-blog-main\\vendor\\laravel\\framework\\src\\Illuminate\\Routing\\Middleware\\SubstituteBindings.php(50): Illuminate\\Pipeline\\Pipeline->Illuminate\\Pipeline\\{closure}()
#11 E:\\Programs\\OpenServer\\domains\\laravel-8-complete-blog-main\\vendor\\laravel\\framework\\src\\Illuminate\\Pipeline\\Pipeline.php(167): Illuminate\\Routing\\Middleware\\SubstituteBindings->handle()
#12 E:\\Programs\\OpenServer\\domains\\laravel-8-complete-blog-main\\vendor\\laravel\\framework\\src\\Illuminate\\Auth\\Middleware\\Authenticate.php(44): Illuminate\\Pipeline\\Pipeline->Illuminate\\Pipeline\\{closure}()
#13 E:\\Programs\\OpenServer\\domains\\laravel-8-complete-blog-main\\vendor\\laravel\\framework\\src\\Illuminate\\Pipeline\\Pipeline.php(167): Illuminate\\Auth\\Middleware\\Authenticate->handle()
#14 E:\\Programs\\OpenServer\\domains\\laravel-8-complete-blog-main\\vendor\\laravel\\framework\\src\\Illuminate\\Foundation\\Http\\Middleware\\VerifyCsrfToken.php(78): Illuminate\\Pipeline\\Pipeline->Illuminate\\Pipeline\\{closure}()
#15 E:\\Programs\\OpenServer\\domains\\laravel-8-complete-blog-main\\vendor\\laravel\\framework\\src\\Illuminate\\Pipeline\\Pipeline.php(167): Illuminate\\Foundation\\Http\\Middleware\\VerifyCsrfToken->handle()
#16 E:\\Programs\\OpenServer\\domains\\laravel-8-complete-blog-main\\vendor\\laravel\\framework\\src\\Illuminate\\View\\Middleware\\ShareErrorsFromSession.php(49): Illuminate\\Pipeline\\Pipeline->Illuminate\\Pipeline\\{closure}()
#17 E:\\Programs\\OpenServer\\domains\\laravel-8-complete-blog-main\\vendor\\laravel\\framework\\src\\Illuminate\\Pipeline\\Pipeline.php(167): Illuminate\\View\\Middleware\\ShareErrorsFromSession->handle()
#18 E:\\Programs\\OpenServer\\domains\\laravel-8-complete-blog-main\\vendor\\laravel\\framework\\src\\Illuminate\\Session\\Middleware\\StartSession.php(121): Illuminate\\Pipeline\\Pipeline->Illuminate\\Pipeline\\{closure}()
#19 E:\\Programs\\OpenServer\\domains\\laravel-8-complete-blog-main\\vendor\\laravel\\framework\\src\\Illuminate\\Session\\Middleware\\StartSession.php(63): Illuminate\\Session\\Middleware\\StartSession->handleStatefulRequest()
#20 E:\\Programs\\OpenServer\\domains\\laravel-8-complete-blog-main\\vendor\\laravel\\framework\\src\\Illuminate\\Pipeline\\Pipeline.php(167): Illuminate\\Session\\Middleware\\StartSession->handle()
#21 E:\\Programs\\OpenServer\\domains\\laravel-8-complete-blog-main\\vendor\\laravel\\framework\\src\\Illuminate\\Cookie\\Middleware\\AddQueuedCookiesToResponse.php(37): Illuminate\\Pipeline\\Pipeline->Illuminate\\Pipeline\\{closure}()
#22 E:\\Programs\\OpenServer\\domains\\laravel-8-complete-blog-main\\vendor\\laravel\\framework\\src\\Illuminate\\Pipeline\\Pipeline.php(167): Illuminate\\Cookie\\Middleware\\AddQueuedCookiesToResponse->handle()
#23 E:\\Programs\\OpenServer\\domains\\laravel-8-complete-blog-main\\vendor\\laravel\\framework\\src\\Illuminate\\Cookie\\Middleware\\EncryptCookies.php(67): Illuminate\\Pipeline\\Pipeline->Illuminate\\Pipeline\\{closure}()
#24 E:\\Programs\\OpenServer\\domains\\laravel-8-complete-blog-main\\vendor\\laravel\\framework\\src\\Illuminate\\Pipeline\\Pipeline.php(167): Illuminate\\Cookie\\Middleware\\EncryptCookies->handle()
#25 E:\\Programs\\OpenServer\\domains\\laravel-8-complete-blog-main\\vendor\\laravel\\framework\\src\\Illuminate\\Pipeline\\Pipeline.php(103): Illuminate\\Pipeline\\Pipeline->Illuminate\\Pipeline\\{closure}()
#26 E:\\Programs\\OpenServer\\domains\\laravel-8-complete-blog-main\\vendor\\laravel\\framework\\src\\Illuminate\\Routing\\Router.php(695): Illuminate\\Pipeline\\Pipeline->then()
#27 E:\\Programs\\OpenServer\\domains\\laravel-8-complete-blog-main\\vendor\\laravel\\framework\\src\\Illuminate\\Routing\\Router.php(670): Illuminate\\Routing\\Router->runRouteWithinStack()
#28 E:\\Programs\\OpenServer\\domains\\laravel-8-complete-blog-main\\vendor\\laravel\\framework\\src\\Illuminate\\Routing\\Router.php(636): Illuminate\\Routing\\Router->runRoute()
#29 E:\\Programs\\OpenServer\\domains\\laravel-8-complete-blog-main\\vendor\\laravel\\framework\\src\\Illuminate\\Routing\\Router.php(625): Illuminate\\Routing\\Router->dispatchToRoute()
#30 E:\\Programs\\OpenServer\\domains\\laravel-8-complete-blog-main\\vendor\\laravel\\framework\\src\\Illuminate\\Foundation\\Http\\Kernel.php(166): Illuminate\\Routing\\Router->dispatch()
#31 E:\\Programs\\OpenServer\\domains\\laravel-8-complete-blog-main\\vendor\\laravel\\framework\\src\\Illuminate\\Pipeline\\Pipeline.php(128): Illuminate\\Foundation\\Http\\Kernel->Illuminate\\Foundation\\Http\\{closure}()
#32 E:\\Programs\\OpenServer\\domains\\laravel-8-complete-blog-main\\vendor\\laravel\\framework\\src\\Illuminate\\Foundation\\Http\\Middleware\\TransformsRequest.php(21): Illuminate\\Pipeline\\Pipeline->Illuminate\\Pipeline\\{closure}()
#33 E:\\Programs\\OpenServer\\domains\\laravel-8-complete-blog-main\\vendor\\laravel\\framework\\src\\Illuminate\\Pipeline\\Pipeline.php(167): Illuminate\\Foundation\\Http\\Middleware\\TransformsRequest->handle()
#34 E:\\Programs\\OpenServer\\domains\\laravel-8-complete-blog-main\\vendor\\laravel\\framework\\src\\Illuminate\\Foundation\\Http\\Middleware\\TransformsRequest.php(21): Illuminate\\Pipeline\\Pipeline->Illuminate\\Pipeline\\{closure}()
#35 E:\\Programs\\OpenServer\\domains\\laravel-8-complete-blog-main\\vendor\\laravel\\framework\\src\\Illuminate\\Pipeline\\Pipeline.php(167): Illuminate\\Foundation\\Http\\Middleware\\TransformsRequest->handle()
#36 E:\\Programs\\OpenServer\\domains\\laravel-8-complete-blog-main\\vendor\\laravel\\framework\\src\\Illuminate\\Foundation\\Http\\Middleware\\ValidatePostSize.php(27): Illuminate\\Pipeline\\Pipeline->Illuminate\\Pipeline\\{closure}()
#37 E:\\Programs\\OpenServer\\domains\\laravel-8-complete-blog-main\\vendor\\laravel\\framework\\src\\Illuminate\\Pipeline\\Pipeline.php(167): Illuminate\\Foundation\\Http\\Middleware\\ValidatePostSize->handle()
#38 E:\\Programs\\OpenServer\\domains\\laravel-8-complete-blog-main\\vendor\\laravel\\framework\\src\\Illuminate\\Foundation\\Http\\Middleware\\PreventRequestsDuringMaintenance.php(86): Illuminate\\Pipeline\\Pipeline->Illuminate\\Pipeline\\{closure}()
#39 E:\\Programs\\OpenServer\\domains\\laravel-8-complete-blog-main\\vendor\\laravel\\framework\\src\\Illuminate\\Pipeline\\Pipeline.php(167): Illuminate\\Foundation\\Http\\Middleware\\PreventRequestsDuringMaintenance->handle()
#40 E:\\Programs\\OpenServer\\domains\\laravel-8-complete-blog-main\\vendor\\fruitcake\\laravel-cors\\src\\HandleCors.php(37): Illuminate\\Pipeline\\Pipeline->Illuminate\\Pipeline\\{closure}()
#41 E:\\Programs\\OpenServer\\domains\\laravel-8-complete-blog-main\\vendor\\laravel\\framework\\src\\Illuminate\\Pipeline\\Pipeline.php(167): Fruitcake\\Cors\\HandleCors->handle()
#42 E:\\Programs\\OpenServer\\domains\\laravel-8-complete-blog-main\\vendor\\fideloper\\proxy\\src\\TrustProxies.php(57): Illuminate\\Pipeline\\Pipeline->Illuminate\\Pipeline\\{closure}()
#43 E:\\Programs\\OpenServer\\domains\\laravel-8-complete-blog-main\\vendor\\laravel\\framework\\src\\Illuminate\\Pipeline\\Pipeline.php(167): Fideloper\\Proxy\\TrustProxies->handle()
#44 E:\\Programs\\OpenServer\\domains\\laravel-8-complete-blog-main\\vendor\\laravel\\framework\\src\\Illuminate\\Pipeline\\Pipeline.php(103): Illuminate\\Pipeline\\Pipeline->Illuminate\\Pipeline\\{closure}()
#45 E:\\Programs\\OpenServer\\domains\\laravel-8-complete-blog-main\\vendor\\laravel\\framework\\src\\Illuminate\\Foundation\\Http\\Kernel.php(141): Illuminate\\Pipeline\\Pipeline->then()
#46 E:\\Programs\\OpenServer\\domains\\laravel-8-complete-blog-main\\vendor\\laravel\\framework\\src\\Illuminate\\Foundation\\Http\\Kernel.php(110): Illuminate\\Foundation\\Http\\Kernel->sendRequestThroughRouter()
#47 E:\\Programs\\OpenServer\\domains\\laravel-8-complete-blog-main\\public\\index.php(52): Illuminate\\Foundation\\Http\\Kernel->handle()
#48 {main}
"} 
[2022-02-05 14:55:59] local.ERROR: The "-e" option does not exist. {"exception":"[object] (Symfony\\Component\\Console\\Exception\\RuntimeException(code: 0): The \"-e\" option does not exist. at E:\\Programs\\OpenServer\\domains\\laravel8blog\\vendor\\symfony\\console\\Input\\ArgvInput.php:115)
[stacktrace]
#0 E:\\Programs\\OpenServer\\domains\\laravel8blog\\vendor\\symfony\\console\\Input\\ArgvInput.php(97): Symfony\\Component\\Console\\Input\\ArgvInput->parseShortOptionSet()
#1 E:\\Programs\\OpenServer\\domains\\laravel8blog\\vendor\\symfony\\console\\Input\\ArgvInput.php(78): Symfony\\Component\\Console\\Input\\ArgvInput->parseShortOption()
#2 E:\\Programs\\OpenServer\\domains\\laravel8blog\\vendor\\symfony\\console\\Input\\Input.php(55): Symfony\\Component\\Console\\Input\\ArgvInput->parse()
#3 E:\\Programs\\OpenServer\\domains\\laravel8blog\\vendor\\symfony\\console\\Command\\Command.php(215): Symfony\\Component\\Console\\Input\\Input->bind()
#4 E:\\Programs\\OpenServer\\domains\\laravel8blog\\vendor\\laravel\\framework\\src\\Illuminate\\Console\\Command.php(121): Symfony\\Component\\Console\\Command\\Command->run()
#5 E:\\Programs\\OpenServer\\domains\\laravel8blog\\vendor\\symfony\\console\\Application.php(971): Illuminate\\Console\\Command->run()
#6 E:\\Programs\\OpenServer\\domains\\laravel8blog\\vendor\\symfony\\console\\Application.php(290): Symfony\\Component\\Console\\Application->doRunCommand()
#7 E:\\Programs\\OpenServer\\domains\\laravel8blog\\vendor\\symfony\\console\\Application.php(166): Symfony\\Component\\Console\\Application->doRun()
#8 E:\\Programs\\OpenServer\\domains\\laravel8blog\\vendor\\laravel\\framework\\src\\Illuminate\\Console\\Application.php(93): Symfony\\Component\\Console\\Application->run()
#9 E:\\Programs\\OpenServer\\domains\\laravel8blog\\vendor\\laravel\\framework\\src\\Illuminate\\Foundation\\Console\\Kernel.php(129): Illuminate\\Console\\Application->run()
#10 E:\\Programs\\OpenServer\\domains\\laravel8blog\\artisan(37): Illuminate\\Foundation\\Console\\Kernel->handle()
#11 {main}
"} 
[2022-02-05 16:52:49] local.ERROR: Command "routes" is not defined.

Did you mean one of these?
    route:cache
    route:clear
    route:list {"exception":"[object] (Symfony\\Component\\Console\\Exception\\CommandNotFoundException(code: 0): Command \"routes\" is not defined.

Did you mean one of these?
    route:cache
    route:clear
    route:list at E:\\Programs\\OpenServer\\domains\\laravel8blog\\vendor\\symfony\\console\\Application.php:675)
[stacktrace]
#0 E:\\Programs\\OpenServer\\domains\\laravel8blog\\vendor\\symfony\\console\\Application.php(254): Symfony\\Component\\Console\\Application->find()
#1 E:\\Programs\\OpenServer\\domains\\laravel8blog\\vendor\\symfony\\console\\Application.php(166): Symfony\\Component\\Console\\Application->doRun()
#2 E:\\Programs\\OpenServer\\domains\\laravel8blog\\vendor\\laravel\\framework\\src\\Illuminate\\Console\\Application.php(93): Symfony\\Component\\Console\\Application->run()
#3 E:\\Programs\\OpenServer\\domains\\laravel8blog\\vendor\\laravel\\framework\\src\\Illuminate\\Foundation\\Console\\Kernel.php(129): Illuminate\\Console\\Application->run()
#4 E:\\Programs\\OpenServer\\domains\\laravel8blog\\artisan(37): Illuminate\\Foundation\\Console\\Kernel->handle()
#5 {main}
"} 
